{
  "stats": {
    "suites": 2,
    "tests": 1,
    "passes": 1,
    "pending": 0,
    "failures": 0,
    "start": "2020-10-05T09:03:27.813Z",
    "end": "2020-10-05T09:03:27.851Z",
    "duration": 38,
    "testsRegistered": 1,
    "passPercent": 100,
    "pendingPercent": 0,
    "other": 0,
    "hasOther": false,
    "skipped": 0,
    "hasSkipped": false
  },
  "results": [
    {
      "uuid": "4b52faa2-6474-4b0b-8c4d-ab0dd84af68d",
      "title": "",
      "fullFile": "",
      "file": "",
      "beforeHooks": [],
      "afterHooks": [],
      "tests": [],
      "suites": [
        {
          "uuid": "bc678dbc-5220-4492-8946-bf56ee3129ff",
          "title": "Cash Register",
          "fullFile": "C:\\Users\\souvick\\Documents\\ReactApps\\test\\test-app.js",
          "file": "\\test\\test-app.js",
          "beforeHooks": [],
          "afterHooks": [],
          "tests": [],
          "suites": [
            {
              "uuid": "fff9c7f2-152e-4e32-acf3-167f1f51c22e",
              "title": "Module C",
              "fullFile": "C:\\Users\\souvick\\Documents\\ReactApps\\test\\test-app.js",
              "file": "\\test\\test-app.js",
              "beforeHooks": [],
              "afterHooks": [],
              "tests": [
                {
                  "title": "should have a getChange Method",
                  "fullTitle": "Cash Register Module C should have a getChange Method",
                  "timedOut": false,
                  "duration": 2,
                  "state": "passed",
                  "speed": "fast",
                  "pass": true,
                  "fail": false,
                  "pending": false,
                  "context": null,
                  "code": "assert.equal(typeof C, 'object');\nassert.equal(typeof C.getChange, 'function');",
                  "err": {},
                  "uuid": "ecbbc4ca-a424-49ab-a868-c81d44fa746b",
                  "parentUUID": "fff9c7f2-152e-4e32-acf3-167f1f51c22e",
                  "isHook": false,
                  "skipped": false
                }
              ],
              "suites": [],
              "passes": [
                "ecbbc4ca-a424-49ab-a868-c81d44fa746b"
              ],
              "failures": [],
              "pending": [],
              "skipped": [],
              "duration": 2,
              "root": false,
              "rootEmpty": false,
              "_timeout": 2000
            }
          ],
          "passes": [],
          "failures": [],
          "pending": [],
          "skipped": [],
          "duration": 0,
          "root": false,
          "rootEmpty": false,
          "_timeout": 2000
        }
      ],
      "passes": [],
      "failures": [],
      "pending": [],
      "skipped": [],
      "duration": 0,
      "root": true,
      "rootEmpty": true,
      "_timeout": 2000
    }
  ],
  "meta": {
    "mocha": {
      "version": "8.1.3"
    },
    "mochawesome": {
      "options": {
        "quiet": false,
        "reportFilename": "mochawesome",
        "saveHtml": true,
        "saveJson": true,
        "consoleReporter": "spec",
        "useInlineDiffs": false,
        "code": true
      },
      "version": "6.1.1"
    },
    "marge": {
      "options": null,
      "version": "5.1.0"
    }
  }
}